==================================================================================================
Running syncronization with UBC LDAP at 2019-08-27 13:29:44.373191
	-> Updating user usr:ubc_dzx2014
	-> Updating user usr:ubc_tiffwan
	-> Updating user usr:ubc_kkaylaww
	-> Updating user usr:ubc_melinaam
	-> Updating user usr:ubc_es334567
	-> Updating user usr:ubc_aliameye
	-> Updating user usr:ubc_suqin1
	-> Updating user usr:ubc_yitongl
	-> Updating user usr:ubc_ianjpark
	-> Updating user usr:ubc_jessjuan
	-> Updating user usr:ubc_czhuoran
	-> Updating user usr:ubc_arwu
	-> Updating user usr:ubc_celihc
	-> Updating user usr:ubc_jcuevas
	-> Updating user usr:ubc_mai5792
	-> Updating user usr:ubc_aichex
	-> Updating user usr:ubc_yyin0921
	-> Updating user usr:ubc_fiona529
	-> Updating user usr:ubc_fw1993
	-> Updating user usr:ubc_anniezho
	-> Updating user usr:ubc_mhii98
	-> Updating user usr:ubc_dantewcr
	-> Updating user usr:ubc_kd118
	-> Updating user usr:ubc_saraau
	-> Updating user usr:ubc_riku75
	-> Updating user usr:ubc_acangel
	-> Updating user usr:ubc_ahorth92
	-> Updating user usr:ubc_llee07
	-> Updating user usr:ubc_windia
	-> Updating user usr:ubc_es334567
	-> Updating user usr:ubc_srhzhao
	-> Updating user usr:ubc_yoyopie
	-> Updating user usr:ubc_joitng
	-> Updating user usr:ubc_xinen
	-> Updating user usr:ubc_dantan
	-> Updating user usr:ubc_mching15
	-> Updating user usr:ubc_jyyang
	-> Updating user usr:ubc_ruthchvn
	-> Updating user usr:ubc_sthien
	-> Updating user usr:ubc_cngai10
	-> Updating user usr:ubc_tang890
	-> Updating user usr:ubc_sharonhs
	-> Updating user usr:ubc_txcwang
	-> Updating user usr:ubc_sylviazh
	-> Updating user usr:ubc_smwang
	-> Updating user usr:ubc_ivjenne
	-> Updating user usr:ubc_rwong94
	-> Updating user usr:ubc_timtt
	-> Updating user usr:ubc_dl89j
	-> Updating user usr:ubc_gkxchu
	-> Updating user usr:ubc_creighes
	-> Updating user usr:ubc_myang96
	-> Updating user usr:ubc_awctw
	-> Updating user usr:ubc_aloui
	-> Updating user usr:ubc_eurie
	-> Updating user usr:ubc_siahmad
	-> Updating user usr:ubc_silverbu
	-> Updating user usr:ubc_swsien
	-> Updating user usr:ubc_egeunlu
	-> Updating user usr:ubc_francsin
	-> Updating user usr:ubc_tt1996
	-> Updating user usr:ubc_abdul996
	-> Updating user usr:ubc_francsin
	-> Updating user usr:ubc_oliverja
	-> Updating user usr:ubc_lz0513
	-> Updating user usr:ubc_chisel
	-> Updating user usr:ubc_frnguyen
	-> Updating user usr:ubc_kchowk
	-> Updating user usr:ubc_rdsantos
	-> Updating user usr:ubc_delun1
	-> Updating user usr:ubc_swsien
	-> Updating user usr:ubc_akwaili
	-> Updating user usr:ubc_yoon
	-> Updating user usr:ubc_yoon
	-> Updating user usr:ubc_synlim
	-> Updating user usr:ubc_emariep
	-> Updating user usr:ubc_lxcookie
	-> Updating user usr:ubc_hechenji
	-> Updating user usr:ubc_jhbarlow
	-> Updating user usr:ubc_jt17
	-> Updating user usr:ubc_woojur
	-> Updating user usr:ubc_dwly0208
	-> Updating user usr:ubc_jcuevas
	-> Updating user usr:ubc_lucyyu18
	-> Updating user usr:ubc_yyin0921
	-> Updating user usr:ubc_acangel
	-> Updating user usr:ubc_oncelr
	-> Updating user usr:ubc_kaylelee
	-> Updating user usr:ubc_itj
	-> Updating user usr:ubc_kd118
	-> Updating user usr:ubc_czhuoran
	-> Updating user usr:ubc_emberpaw
	-> Updating user usr:ubc_bcboo11
	-> Updating user usr:ubc_saraau
	-> Updating user usr:ubc_dcoones
	-> Updating user usr:ubc_cxlvinc
	-> Updating user usr:ubc_echomu
	-> Updating user usr:ubc_yxuan08
	-> Updating user usr:ubc_kristy99
	-> Updating user usr:ubc_eurie
	-> Updating user usr:ubc_tyee2000
	-> Updating user usr:ubc_hyjung36
	-> Updating user usr:ubc_jefftm87
	-> Updating user usr:ubc_ansonsik
	-> Updating user usr:ubc_zidant9
	-> Updating user usr:ubc_ejamora
	-> Updating user usr:ubc_rhywong
	-> Updating user usr:ubc_lotfalib
	-> Updating user usr:ubc_rorym1
	-> Updating user usr:ubc_nschwa01
	-> Updating user usr:ubc_mikeyak
	-> Updating user usr:ubc_iminator
	-> Updating user usr:ubc_almaa10
	-> Updating user usr:ubc_kstorms
	-> Updating user usr:ubc_windia
	-> Updating user usr:ubc_yijiezho
	-> Up